#
# There is insufficient memory for the Java Runtime Environment to continue.
# Native memory allocation (malloc) failed to allocate 1048576 bytes for AllocateHeap
# Possible reasons:
#   The system is out of physical RAM or swap space
#   The process is running with CompressedOops enabled, and the Java Heap may be blocking the growth of the native heap
# Possible solutions:
#   Reduce memory load on the system
#   Increase physical memory or swap space
#   Check if swap backing store is full
#   Decrease Java heap size (-Xmx/-Xms)
#   Decrease number of Java threads
#   Decrease Java thread stack sizes (-Xss)
#   Set larger code cache with -XX:ReservedCodeCacheSize=
#   JVM is running with Zero Based Compressed Oops mode in which the Java heap is
#     placed in the first 32GB address space. The Java Heap base address is the
#     maximum limit for the native heap growth. Please use -XX:HeapBaseMinAddress
#     to set the Java Heap base and to place the Java Heap above 32GB virtual address.
# This output file may be truncated or incomplete.
#
#  Out of Memory Error (memory/allocation.inline.hpp:61), pid=5392, tid=0x0000000000002724
#
# JRE version:  (8.0_241-b07) (build )
# Java VM: Java HotSpot(TM) 64-Bit Server VM (25.241-b07 mixed mode windows-amd64 compressed oops)
# Failed to write core dump. Minidumps are not enabled by default on client versions of Windows
#

---------------  T H R E A D  ---------------

Current thread (0x0000000002dae800):  JavaThread "Unknown thread" [_thread_in_vm, id=10020, stack(0x0000000002c20000,0x0000000002d20000)]

Stack: [0x0000000002c20000,0x0000000002d20000]
[error occurred during error reporting (printing stack bounds), id 0xc0000005]

Native frames: (J=compiled Java code, j=interpreted, Vv=VM code, C=native code)


---------------  P R O C E S S  ---------------

Java Threads: ( => current thread )

Other Threads:

=>0x0000000002dae800 (exited) JavaThread "Unknown thread" [_thread_in_vm, id=10020, stack(0x0000000002c20000,0x0000000002d20000)]

VM state:not at safepoint (normal execution)

VM Mutex/Monitor currently owned by a thread: None

heap address: 0x00000006c0a00000, size: 4086 MB, Compressed Oops mode: Zero based, Oop shift amount: 3
Narrow klass base: 0x0000000000000000, Narrow klass shift: 3
Compressed class space size: 1073741824 Address: 0x00000007c0000000

Heap:
 PSYoungGen      total 76288K, used 1310K [0x000000076ae00000, 0x0000000770300000, 0x00000007c0000000)
  eden space 65536K, 2% used [0x000000076ae00000,0x000000076af47af0,0x000000076ee00000)
  from space 10752K, 0% used [0x000000076f880000,0x000000076f880000,0x0000000770300000)
  to   space 10752K, 0% used [0x000000076ee00000,0x000000076ee00000,0x000000076f880000)
 ParOldGen       total 175104K, used 0K [0x00000006c0a00000, 0x00000006cb500000, 0x000000076ae00000)
  object space 175104K, 0% used [0x00000006c0a00000,0x00000006c0a00000,0x00000006cb500000)
 Metaspace       used 752K, capacity 4480K, committed 4480K, reserved 1056768K
  class space    used 76K, capacity 384K, committed 384K, reserved 1048576K

Card table byte_map: [0x0000000012270000,0x0000000012a70000] byte_map_base: 0x000000000ec6b000

Marking Bits: (ParMarkBitMap*) 0x000000005922be30
 Begin Bits: [0x00000000133d0000, 0x00000000173a8000)
 End Bits:   [0x00000000173a8000, 0x000000001b380000)

Polling page: 0x0000000000bd0000

CodeCache: size=245760Kb used=328Kb max_used=328Kb free=245431Kb
 bounds [0x0000000002eb0000, 0x0000000003120000, 0x0000000011eb0000]
 total_blobs=58 nmethods=0 adapters=38
 compilation: enabled

Compilation events (0 events):
No events

GC Heap History (0 events):
No events

Deoptimization events (0 events):
No events

Classes redefined (0 events):
No events

Internal exceptions (0 events):
No events

Events (10 events):
Event: 0.025 loading class java/lang/Short
Event: 0.025 loading class java/lang/Short done
Event: 0.025 loading class java/lang/Integer
Event: 0.025 loading class java/lang/Integer done
Event: 0.025 loading class java/lang/Long
Event: 0.025 loading class java/lang/Long done
Event: 0.025 loading class java/lang/NullPointerException
Event: 0.025 loading class java/lang/NullPointerException done
Event: 0.025 loading class java/lang/ArithmeticException
Event: 0.025 loading class java/lang/ArithmeticException done


Dynamic libraries:
0x00007ff732570000 - 0x00007ff7325a7000 	C:\01developkits\Java\jre1.8.0_241\bin\javaw.exe
0x00007fffb1d00000 - 0x00007fffb1ef0000 	C:\WINDOWS\SYSTEM32\ntdll.dll
0x00007fffafe90000 - 0x00007fffaff42000 	C:\WINDOWS\System32\KERNEL32.DLL
0x00007fffaf550000 - 0x00007fffaf7f3000 	C:\WINDOWS\System32\KERNELBASE.dll
0x00007fffb0440000 - 0x00007fffb04e3000 	C:\WINDOWS\System32\ADVAPI32.dll
0x00007fffb04f0000 - 0x00007fffb058e000 	C:\WINDOWS\System32\msvcrt.dll
0x00007fffb0890000 - 0x00007fffb0927000 	C:\WINDOWS\System32\sechost.dll
0x00007fffb01e0000 - 0x00007fffb0300000 	C:\WINDOWS\System32\RPCRT4.dll
0x00007fffb06f0000 - 0x00007fffb0884000 	C:\WINDOWS\System32\USER32.dll
0x00007fffaf800000 - 0x00007fffaf821000 	C:\WINDOWS\System32\win32u.dll
0x00007fffafdb0000 - 0x00007fffafdd6000 	C:\WINDOWS\System32\GDI32.dll
0x00007fffafae0000 - 0x00007fffafc74000 	C:\WINDOWS\System32\gdi32full.dll
0x00007fffaed30000 - 0x00007fffaedce000 	C:\WINDOWS\System32\msvcp_win.dll
0x00007fffaf9e0000 - 0x00007fffafada000 	C:\WINDOWS\System32\ucrtbase.dll
0x00007fffa2220000 - 0x00007fffa24a5000 	C:\WINDOWS\WinSxS\amd64_microsoft.windows.common-controls_6595b64144ccf1df_6.0.18362.720_none_e6beb5c51314836b\COMCTL32.dll
0x00007fffb0940000 - 0x00007fffb0c76000 	C:\WINDOWS\System32\combase.dll
0x00007fffafd30000 - 0x00007fffafdb0000 	C:\WINDOWS\System32\bcryptPrimitives.dll
0x00007fffb1400000 - 0x00007fffb142e000 	C:\WINDOWS\System32\IMM32.DLL
0x0000000058920000 - 0x00000000589f2000 	C:\01developkits\Java\jre1.8.0_241\bin\msvcr100.dll
0x0000000058a00000 - 0x00000000592ac000 	C:\01developkits\Java\jre1.8.0_241\bin\server\jvm.dll
0x00007fffb13f0000 - 0x00007fffb13f8000 	C:\WINDOWS\System32\PSAPI.DLL
0x00007fff9e520000 - 0x00007fff9e529000 	C:\WINDOWS\SYSTEM32\WSOCK32.dll
0x00007fffacb40000 - 0x00007fffacb64000 	C:\WINDOWS\SYSTEM32\WINMM.dll
0x00007fffb1c50000 - 0x00007fffb1cbf000 	C:\WINDOWS\System32\WS2_32.dll
0x00007fffaaa50000 - 0x00007fffaaa5a000 	C:\WINDOWS\SYSTEM32\VERSION.dll
0x00007fffacb10000 - 0x00007fffacb3d000 	C:\WINDOWS\SYSTEM32\WINMMBASE.dll
0x00007fffaecb0000 - 0x00007fffaecfa000 	C:\WINDOWS\System32\cfgmgr32.dll
0x00007fffab540000 - 0x00007fffab54f000 	C:\01developkits\Java\jre1.8.0_241\bin\verify.dll
0x00007fffab080000 - 0x00007fffab0a9000 	C:\01developkits\Java\jre1.8.0_241\bin\java.dll
0x00007fffa2020000 - 0x00007fffa2036000 	C:\01developkits\Java\jre1.8.0_241\bin\zip.dll

VM Arguments:
jvm_args: -Dfile.encoding=UTF-8 
java_command: project2.BankingSystemVer01
java_class_path (initial): C:\01developkits\Java\jre1.8.0_241\lib\resources.jar;C:\01developkits\Java\jre1.8.0_241\lib\rt.jar;C:\01developkits\Java\jre1.8.0_241\lib\jsse.jar;C:\01developkits\Java\jre1.8.0_241\lib\jce.jar;C:\01developkits\Java\jre1.8.0_241\lib\charsets.jar;C:\01developkits\Java\jre1.8.0_241\lib\jfr.jar;C:\01developkits\Java\jre1.8.0_241\lib\ext\access-bridge-64.jar;C:\01developkits\Java\jre1.8.0_241\lib\ext\cldrdata.jar;C:\01developkits\Java\jre1.8.0_241\lib\ext\dnsns.jar;C:\01developkits\Java\jre1.8.0_241\lib\ext\jaccess.jar;C:\01developkits\Java\jre1.8.0_241\lib\ext\jfxrt.jar;C:\01developkits\Java\jre1.8.0_241\lib\ext\localedata.jar;C:\01developkits\Java\jre1.8.0_241\lib\ext\nashorn.jar;C:\01developkits\Java\jre1.8.0_241\lib\ext\sunec.jar;C:\01developkits\Java\jre1.8.0_241\lib\ext\sunjce_provider.jar;C:\01developkits\Java\jre1.8.0_241\lib\ext\sunmscapi.jar;C:\01developkits\Java\jre1.8.0_241\lib\ext\sunpkcs11.jar;C:\01developkits\Java\jre1.8.0_241\lib\ext\zipfs.jar;C:\03workspace\Project1\bin;C:\01developkits\Oracle11g\product\11.2.0\dbhome_1\jdbc\lib\ojdbc6.jar
Launcher Type: SUN_STANDARD

Environment Variables:
JAVA_HOME=C:\01developkits\Java\jdk1.8.0_241
PATH=C:/01developkits/Java/jre1.8.0_241/bin/server;C:/01developkits/Java/jre1.8.0_241/bin;C:/01developkits/Java/jre1.8.0_241/lib/amd64;C:\01DevelopKits\Oracle11g\product\11.2.0\dbhome_1\bin;C:\Program Files (x86)\Common Files\Oracle\Java\javapath;C:\Anaconda3;C:\Anaconda3\Library\mingw-w64\bin;C:\Anaconda3\Library\usr\bin;C:\Anaconda3\Library\bin;C:\Anaconda3\Scripts;C:\WINDOWS\system32;C:\WINDOWS;C:\WINDOWS\System32\Wbem;C:\WINDOWS\System32\WindowsPowerShell\v1.0\;C:\Program Files\nodejs\;C:\Program Files\Git\cmd;C:\WINDOWS\System32\OpenSSH\;C:\01developkits\Java\jdk1.8.0_241\bin;C:\Python38\Scripts\;C:\Python38\;C:\Users\Kosmo_09\AppData\Local\Microsoft\WindowsApps;C:\Users\Kosmo_09\AppData\Roaming\npm;C:\Program Files\JetBrains\WebStorm 2019.3\bin;;C:\Program Files\Bandizip\;C:\Program Files (x86)\ESTsoft\ALSee\x64;C:\01developkits\eclipse;
USERNAME=Kosmo_09
OS=Windows_NT
PROCESSOR_IDENTIFIER=Intel64 Family 6 Model 158 Stepping 9, GenuineIntel



---------------  S Y S T E M  ---------------

OS: Windows 10.0 , 64 bit Build 18362 (10.0.18362.329)

CPU:total 4 (initial active 4) (4 cores per cpu, 1 threads per core) family 6 model 158 stepping 9, cmov, cx8, fxsr, mmx, sse, sse2, sse3, ssse3, sse4.1, sse4.2, popcnt, avx, avx2, aes, clmul, erms, rtm, 3dnowpref, lzcnt, tsc, tscinvbit, bmi1, bmi2, adx

Memory: 4k page, physical 16736120k(9271584k free), swap 32228836k(5280k free)

vm_info: Java HotSpot(TM) 64-Bit Server VM (25.241-b07) for windows-amd64 JRE (1.8.0_241-b07), built on Dec 11 2019 10:21:40 by "rejava" with MS VC++ 10.0 (VS2010)

time: Mon Mar 30 18:07:59 2020
timezone: 대한민국 표준시
elapsed time: 0 seconds (0d 0h 0m 0s)

